<?xml version="1.0" encoding="UTF-8"?>
<robot generator="Robot 6.0 (Python 3.10.8 on linux)" generated="20221114 08:15:57.410" rpa="false" schemaversion="3">
<suite id="s1" name="Robocamp-2022" source="/home/fschefer/Robocamp_Git/Robocamp-2022">
<suite id="s1-s1" name="Tests" source="/home/fschefer/Robocamp_Git/Robocamp-2022/tests">
<suite id="s1-s1-s1" name="Login" source="/home/fschefer/Robocamp_Git/Robocamp-2022/tests/login.robot">
<test id="s1-s1-s1-t1" name="Admin login" line="9">
<kw name="Go To Login Page" library="login">
<kw name="New Browser" library="Browser">
<arg>headless=False</arg>
<arg>browser=chromium</arg>
<tag>BrowserControl</tag>
<tag>Setter</tag>
<doc>Create a new playwright Browser with specified options.</doc>
<msg timestamp="20221114 08:15:58.104" level="INFO">{"browser": "chromium", "headless": false, "devtools": false, "handleSIGHUP": true, "handleSIGINT": true, "handleSIGTERM": true, "slowMo": 0.0, "timeout": 30000.0, "deprecated_pos_args": [], "tracesDir": "/home/fschefer/Robocamp_Git/Robocamp-2022/results/browser/traces/d68da049-610a-4b8b-b41e-953c2e0ecf24"}</msg>
<msg timestamp="20221114 08:15:58.375" level="INFO">Successfully created browser with options: {"browser":"chromium","headless":false,"devtools":false,"handleSIGHUP":true,"handleSIGINT":true,"handleSIGTERM":true,"slowMo":0,"timeout":30000,"deprecated_pos_args":[],"tracesDir":"/home/fschefer/Robocamp_Git/Robocamp-2022/results/browser/traces/d68da049-610a-4b8b-b41e-953c2e0ecf24"}</msg>
<status status="PASS" starttime="20221114 08:15:58.103" endtime="20221114 08:15:58.376"/>
</kw>
<kw name="New Page" library="Browser">
<arg>http://localhost:3000</arg>
<tag>BrowserControl</tag>
<tag>Setter</tag>
<doc>Open a new Page.</doc>
<msg timestamp="20221114 08:15:59.381" level="INFO">Successfully initialized new page object and opened url: http://localhost:3000</msg>
<msg timestamp="20221114 08:15:59.381" level="INFO">No context was open. New context was automatically opened when this page is created.</msg>
<status status="PASS" starttime="20221114 08:15:58.377" endtime="20221114 08:15:59.383"/>
</kw>
<status status="PASS" starttime="20221114 08:15:58.102" endtime="20221114 08:15:59.384"/>
</kw>
<kw name="Fill Credentials" library="login">
<arg>admin@smartbit.com</arg>
<arg>qacademy</arg>
<kw name="Fill Text" library="Browser">
<arg>css=input[placeholder="Seu e-mail"]</arg>
<arg>${email}</arg>
<tag>PageContent</tag>
<tag>Setter</tag>
<doc>Clears and fills the given ``txt`` into the text field found by ``selector``.</doc>
<msg timestamp="20221114 08:15:59.404" level="INFO">Fills the text 'admin@smartbit.com' in the given field.</msg>
<status status="PASS" starttime="20221114 08:15:59.398" endtime="20221114 08:15:59.456"/>
</kw>
<kw name="Fill Text" library="Browser">
<arg>css=input[placeholder="Sua Senha"]</arg>
<arg>${pass}</arg>
<tag>PageContent</tag>
<tag>Setter</tag>
<doc>Clears and fills the given ``txt`` into the text field found by ``selector``.</doc>
<msg timestamp="20221114 08:15:59.457" level="INFO">Fills the text 'qacademy' in the given field.</msg>
<status status="PASS" starttime="20221114 08:15:59.457" endtime="20221114 08:15:59.478"/>
</kw>
<status status="PASS" starttime="20221114 08:15:59.395" endtime="20221114 08:15:59.478"/>
</kw>
<kw name="Submit Credentials" library="login">
<kw name="Click" library="Browser">
<arg>css=button &gt;&gt; text=Entrar no sistema</arg>
<tag>PageContent</tag>
<tag>Setter</tag>
<doc>Simulates mouse click on the element found by ``selector``.</doc>
<status status="PASS" starttime="20221114 08:15:59.479" endtime="20221114 08:15:59.546"/>
</kw>
<status status="PASS" starttime="20221114 08:15:59.478" endtime="20221114 08:15:59.547"/>
</kw>
<kw name="User Should Be Looged In" library="navbar">
<arg>Admin</arg>
<kw name="Set Variable" library="BuiltIn">
<var>${logged_user}</var>
<arg>css=aside strong</arg>
<doc>Returns the given values which can then be assigned to a variables.</doc>
<msg timestamp="20221114 08:15:59.552" level="INFO">${logged_user} = css=aside strong</msg>
<status status="PASS" starttime="20221114 08:15:59.551" endtime="20221114 08:15:59.553"/>
</kw>
<kw name="Wait For Elements State" library="Browser">
<arg>${logged_user}</arg>
<arg>visible</arg>
<arg>5</arg>
<tag>PageContent</tag>
<tag>Wait</tag>
<doc>Waits for the element found by ``selector`` to satisfy state option.</doc>
<msg timestamp="20221114 08:16:00.071" level="INFO">Waited for Element with selector css=aside strong at state visible</msg>
<status status="PASS" starttime="20221114 08:15:59.554" endtime="20221114 08:16:00.072"/>
</kw>
<kw name="Get Text" library="Browser">
<arg>${logged_user}</arg>
<arg>equal</arg>
<arg>${user_name}</arg>
<tag>Assertion</tag>
<tag>Getter</tag>
<tag>PageContent</tag>
<doc>Returns text attribute of the element found by ``selector``.</doc>
<status status="PASS" starttime="20221114 08:16:00.073" endtime="20221114 08:16:00.107"/>
</kw>
<status status="PASS" starttime="20221114 08:15:59.547" endtime="20221114 08:16:00.108"/>
</kw>
<status status="PASS" starttime="20221114 08:15:58.096" endtime="20221114 08:16:00.108"/>
</test>
<test id="s1-s1-s1-t2" name="Incorrect Email" line="16">
<kw name="Go To Login Page" library="login">
<kw name="New Browser" library="Browser">
<arg>headless=False</arg>
<arg>browser=chromium</arg>
<tag>BrowserControl</tag>
<tag>Setter</tag>
<doc>Create a new playwright Browser with specified options.</doc>
<msg timestamp="20221114 08:16:00.193" level="INFO">{"browser": "chromium", "headless": false, "devtools": false, "handleSIGHUP": true, "handleSIGINT": true, "handleSIGTERM": true, "slowMo": 0.0, "timeout": 30000.0, "deprecated_pos_args": [], "tracesDir": "/home/fschefer/Robocamp_Git/Robocamp-2022/results/browser/traces/42a5da3d-0168-46ec-a0ea-768b0b2c21c0"}</msg>
<msg timestamp="20221114 08:16:00.520" level="INFO">Successfully created browser with options: {"browser":"chromium","headless":false,"devtools":false,"handleSIGHUP":true,"handleSIGINT":true,"handleSIGTERM":true,"slowMo":0,"timeout":30000,"deprecated_pos_args":[],"tracesDir":"/home/fschefer/Robocamp_Git/Robocamp-2022/results/browser/traces/42a5da3d-0168-46ec-a0ea-768b0b2c21c0"}</msg>
<status status="PASS" starttime="20221114 08:16:00.192" endtime="20221114 08:16:00.521"/>
</kw>
<kw name="New Page" library="Browser">
<arg>http://localhost:3000</arg>
<tag>BrowserControl</tag>
<tag>Setter</tag>
<doc>Open a new Page.</doc>
<msg timestamp="20221114 08:16:01.460" level="INFO">Successfully initialized new page object and opened url: http://localhost:3000</msg>
<msg timestamp="20221114 08:16:01.461" level="INFO">No context was open. New context was automatically opened when this page is created.</msg>
<status status="PASS" starttime="20221114 08:16:00.522" endtime="20221114 08:16:01.461"/>
</kw>
<status status="PASS" starttime="20221114 08:16:00.191" endtime="20221114 08:16:01.462"/>
</kw>
<kw name="Fill Credentials" library="login">
<arg>404@smartbit.com</arg>
<arg>qacademy</arg>
<kw name="Fill Text" library="Browser">
<arg>css=input[placeholder="Seu e-mail"]</arg>
<arg>${email}</arg>
<tag>PageContent</tag>
<tag>Setter</tag>
<doc>Clears and fills the given ``txt`` into the text field found by ``selector``.</doc>
<msg timestamp="20221114 08:16:01.470" level="INFO">Fills the text '404@smartbit.com' in the given field.</msg>
<status status="PASS" starttime="20221114 08:16:01.469" endtime="20221114 08:16:01.522"/>
</kw>
<kw name="Fill Text" library="Browser">
<arg>css=input[placeholder="Sua Senha"]</arg>
<arg>${pass}</arg>
<tag>PageContent</tag>
<tag>Setter</tag>
<doc>Clears and fills the given ``txt`` into the text field found by ``selector``.</doc>
<msg timestamp="20221114 08:16:01.522" level="INFO">Fills the text 'qacademy' in the given field.</msg>
<status status="PASS" starttime="20221114 08:16:01.522" endtime="20221114 08:16:01.542"/>
</kw>
<status status="PASS" starttime="20221114 08:16:01.463" endtime="20221114 08:16:01.543"/>
</kw>
<kw name="Submit Credentials" library="login">
<kw name="Click" library="Browser">
<arg>css=button &gt;&gt; text=Entrar no sistema</arg>
<tag>PageContent</tag>
<tag>Setter</tag>
<doc>Simulates mouse click on the element found by ``selector``.</doc>
<status status="PASS" starttime="20221114 08:16:01.543" endtime="20221114 08:16:01.625"/>
</kw>
<status status="PASS" starttime="20221114 08:16:01.543" endtime="20221114 08:16:01.626"/>
</kw>
<kw name="Verify Toaster" library="toast">
<arg>Suas credenciais são inválidas, por favor tente novamente!</arg>
<kw name="Wait For Elements State" library="Browser">
<arg>css=.Toastify__toast-body div &gt;&gt; text=${expected_message}</arg>
<arg>visible</arg>
<arg>5</arg>
<tag>PageContent</tag>
<tag>Wait</tag>
<doc>Waits for the element found by ``selector`` to satisfy state option.</doc>
<msg timestamp="20221114 08:16:01.690" level="INFO">Waited for Element with selector css=.Toastify__toast-body div &gt;&gt; text=Suas credenciais são inválidas, por favor tente novamente! at state visible</msg>
<status status="PASS" starttime="20221114 08:16:01.627" endtime="20221114 08:16:01.690"/>
</kw>
<status status="PASS" starttime="20221114 08:16:01.626" endtime="20221114 08:16:01.691"/>
</kw>
<status status="PASS" starttime="20221114 08:16:00.185" endtime="20221114 08:16:01.691"/>
</test>
<test id="s1-s1-s1-t3" name="Incorrect password" line="22">
<kw name="Go To Login Page" library="login">
<kw name="New Browser" library="Browser">
<arg>headless=False</arg>
<arg>browser=chromium</arg>
<tag>BrowserControl</tag>
<tag>Setter</tag>
<doc>Create a new playwright Browser with specified options.</doc>
<msg timestamp="20221114 08:16:01.764" level="INFO">{"browser": "chromium", "headless": false, "devtools": false, "handleSIGHUP": true, "handleSIGINT": true, "handleSIGTERM": true, "slowMo": 0.0, "timeout": 30000.0, "deprecated_pos_args": [], "tracesDir": "/home/fschefer/Robocamp_Git/Robocamp-2022/results/browser/traces/880ca312-ac93-4141-97eb-0e130ed69fc6"}</msg>
<msg timestamp="20221114 08:16:02.194" level="INFO">Successfully created browser with options: {"browser":"chromium","headless":false,"devtools":false,"handleSIGHUP":true,"handleSIGINT":true,"handleSIGTERM":true,"slowMo":0,"timeout":30000,"deprecated_pos_args":[],"tracesDir":"/home/fschefer/Robocamp_Git/Robocamp-2022/results/browser/traces/880ca312-ac93-4141-97eb-0e130ed69fc6"}</msg>
<status status="PASS" starttime="20221114 08:16:01.762" endtime="20221114 08:16:02.195"/>
</kw>
<kw name="New Page" library="Browser">
<arg>http://localhost:3000</arg>
<tag>BrowserControl</tag>
<tag>Setter</tag>
<doc>Open a new Page.</doc>
<msg timestamp="20221114 08:16:03.180" level="INFO">Successfully initialized new page object and opened url: http://localhost:3000</msg>
<msg timestamp="20221114 08:16:03.181" level="INFO">No context was open. New context was automatically opened when this page is created.</msg>
<status status="PASS" starttime="20221114 08:16:02.195" endtime="20221114 08:16:03.182"/>
</kw>
<status status="PASS" starttime="20221114 08:16:01.761" endtime="20221114 08:16:03.183"/>
</kw>
<kw name="Fill Credentials" library="login">
<arg>admin@smartbit.com</arg>
<arg>abc123</arg>
<kw name="Fill Text" library="Browser">
<arg>css=input[placeholder="Seu e-mail"]</arg>
<arg>${email}</arg>
<tag>PageContent</tag>
<tag>Setter</tag>
<doc>Clears and fills the given ``txt`` into the text field found by ``selector``.</doc>
<msg timestamp="20221114 08:16:03.192" level="INFO">Fills the text 'admin@smartbit.com' in the given field.</msg>
<status status="PASS" starttime="20221114 08:16:03.187" endtime="20221114 08:16:03.247"/>
</kw>
<kw name="Fill Text" library="Browser">
<arg>css=input[placeholder="Sua Senha"]</arg>
<arg>${pass}</arg>
<tag>PageContent</tag>
<tag>Setter</tag>
<doc>Clears and fills the given ``txt`` into the text field found by ``selector``.</doc>
<msg timestamp="20221114 08:16:03.250" level="INFO">Fills the text 'abc123' in the given field.</msg>
<status status="PASS" starttime="20221114 08:16:03.249" endtime="20221114 08:16:03.272"/>
</kw>
<status status="PASS" starttime="20221114 08:16:03.184" endtime="20221114 08:16:03.272"/>
</kw>
<kw name="Submit Credentials" library="login">
<kw name="Click" library="Browser">
<arg>css=button &gt;&gt; text=Entrar no sistema</arg>
<tag>PageContent</tag>
<tag>Setter</tag>
<doc>Simulates mouse click on the element found by ``selector``.</doc>
<status status="PASS" starttime="20221114 08:16:03.273" endtime="20221114 08:16:03.344"/>
</kw>
<status status="PASS" starttime="20221114 08:16:03.272" endtime="20221114 08:16:03.345"/>
</kw>
<kw name="Verify Toaster" library="toast">
<arg>Suas credenciais são inválidas, por favor tente novamente!</arg>
<kw name="Wait For Elements State" library="Browser">
<arg>css=.Toastify__toast-body div &gt;&gt; text=${expected_message}</arg>
<arg>visible</arg>
<arg>5</arg>
<tag>PageContent</tag>
<tag>Wait</tag>
<doc>Waits for the element found by ``selector`` to satisfy state option.</doc>
<msg timestamp="20221114 08:16:03.439" level="INFO">Waited for Element with selector css=.Toastify__toast-body div &gt;&gt; text=Suas credenciais são inválidas, por favor tente novamente! at state visible</msg>
<status status="PASS" starttime="20221114 08:16:03.346" endtime="20221114 08:16:03.439"/>
</kw>
<status status="PASS" starttime="20221114 08:16:03.345" endtime="20221114 08:16:03.440"/>
</kw>
<status status="PASS" starttime="20221114 08:16:01.746" endtime="20221114 08:16:03.441"/>
</test>
<test id="s1-s1-s1-t4" name="Email in incorrect format" line="28">
<kw name="Go To Login Page" library="login">
<kw name="New Browser" library="Browser">
<arg>headless=False</arg>
<arg>browser=chromium</arg>
<tag>BrowserControl</tag>
<tag>Setter</tag>
<doc>Create a new playwright Browser with specified options.</doc>
<msg timestamp="20221114 08:16:03.523" level="INFO">{"browser": "chromium", "headless": false, "devtools": false, "handleSIGHUP": true, "handleSIGINT": true, "handleSIGTERM": true, "slowMo": 0.0, "timeout": 30000.0, "deprecated_pos_args": [], "tracesDir": "/home/fschefer/Robocamp_Git/Robocamp-2022/results/browser/traces/92f56018-f140-4f6f-9bd7-a7ff67f99169"}</msg>
<msg timestamp="20221114 08:16:03.855" level="INFO">Successfully created browser with options: {"browser":"chromium","headless":false,"devtools":false,"handleSIGHUP":true,"handleSIGINT":true,"handleSIGTERM":true,"slowMo":0,"timeout":30000,"deprecated_pos_args":[],"tracesDir":"/home/fschefer/Robocamp_Git/Robocamp-2022/results/browser/traces/92f56018-f140-4f6f-9bd7-a7ff67f99169"}</msg>
<status status="PASS" starttime="20221114 08:16:03.520" endtime="20221114 08:16:03.856"/>
</kw>
<kw name="New Page" library="Browser">
<arg>http://localhost:3000</arg>
<tag>BrowserControl</tag>
<tag>Setter</tag>
<doc>Open a new Page.</doc>
<msg timestamp="20221114 08:16:04.932" level="INFO">Successfully initialized new page object and opened url: http://localhost:3000</msg>
<msg timestamp="20221114 08:16:04.933" level="INFO">No context was open. New context was automatically opened when this page is created.</msg>
<status status="PASS" starttime="20221114 08:16:03.856" endtime="20221114 08:16:04.933"/>
</kw>
<status status="PASS" starttime="20221114 08:16:03.512" endtime="20221114 08:16:04.934"/>
</kw>
<kw name="Fill Credentials" library="login">
<arg>@com.br</arg>
<arg>abc123</arg>
<kw name="Fill Text" library="Browser">
<arg>css=input[placeholder="Seu e-mail"]</arg>
<arg>${email}</arg>
<tag>PageContent</tag>
<tag>Setter</tag>
<doc>Clears and fills the given ``txt`` into the text field found by ``selector``.</doc>
<msg timestamp="20221114 08:16:04.944" level="INFO">Fills the text '@com.br' in the given field.</msg>
<status status="PASS" starttime="20221114 08:16:04.942" endtime="20221114 08:16:04.999"/>
</kw>
<kw name="Fill Text" library="Browser">
<arg>css=input[placeholder="Sua Senha"]</arg>
<arg>${pass}</arg>
<tag>PageContent</tag>
<tag>Setter</tag>
<doc>Clears and fills the given ``txt`` into the text field found by ``selector``.</doc>
<msg timestamp="20221114 08:16:05.001" level="INFO">Fills the text 'abc123' in the given field.</msg>
<status status="PASS" starttime="20221114 08:16:05.000" endtime="20221114 08:16:05.022"/>
</kw>
<status status="PASS" starttime="20221114 08:16:04.939" endtime="20221114 08:16:05.022"/>
</kw>
<kw name="Submit Credentials" library="login">
<kw name="Click" library="Browser">
<arg>css=button &gt;&gt; text=Entrar no sistema</arg>
<tag>PageContent</tag>
<tag>Setter</tag>
<doc>Simulates mouse click on the element found by ``selector``.</doc>
<status status="PASS" starttime="20221114 08:16:05.023" endtime="20221114 08:16:05.109"/>
</kw>
<status status="PASS" starttime="20221114 08:16:05.022" endtime="20221114 08:16:05.110"/>
</kw>
<kw name="Field Type Should Be Email" library="login">
<kw name="Get Attribute" library="Browser">
<arg>css=input[placeholder="Seu e-mail"]</arg>
<arg>type</arg>
<arg>equal</arg>
<arg>email</arg>
<tag>Assertion</tag>
<tag>Getter</tag>
<tag>PageContent</tag>
<doc>Returns the HTML ``attribute`` of the element found by ``selector``.</doc>
<status status="PASS" starttime="20221114 08:16:05.112" endtime="20221114 08:16:05.148"/>
</kw>
<status status="PASS" starttime="20221114 08:16:05.111" endtime="20221114 08:16:05.148"/>
</kw>
<status status="PASS" starttime="20221114 08:16:03.494" endtime="20221114 08:16:05.149"/>
</test>
<test id="s1-s1-s1-t5" name="Blank password" line="34">
<kw name="Go To Login Page" library="login">
<kw name="New Browser" library="Browser">
<arg>headless=False</arg>
<arg>browser=chromium</arg>
<tag>BrowserControl</tag>
<tag>Setter</tag>
<doc>Create a new playwright Browser with specified options.</doc>
<msg timestamp="20221114 08:16:05.276" level="INFO">{"browser": "chromium", "headless": false, "devtools": false, "handleSIGHUP": true, "handleSIGINT": true, "handleSIGTERM": true, "slowMo": 0.0, "timeout": 30000.0, "deprecated_pos_args": [], "tracesDir": "/home/fschefer/Robocamp_Git/Robocamp-2022/results/browser/traces/d7b77a41-c5fd-4923-bce7-bfcb4871b588"}</msg>
<msg timestamp="20221114 08:16:05.606" level="INFO">Successfully created browser with options: {"browser":"chromium","headless":false,"devtools":false,"handleSIGHUP":true,"handleSIGINT":true,"handleSIGTERM":true,"slowMo":0,"timeout":30000,"deprecated_pos_args":[],"tracesDir":"/home/fschefer/Robocamp_Git/Robocamp-2022/results/browser/traces/d7b77a41-c5fd-4923-bce7-bfcb4871b588"}</msg>
<status status="PASS" starttime="20221114 08:16:05.275" endtime="20221114 08:16:05.606"/>
</kw>
<kw name="New Page" library="Browser">
<arg>http://localhost:3000</arg>
<tag>BrowserControl</tag>
<tag>Setter</tag>
<doc>Open a new Page.</doc>
<msg timestamp="20221114 08:16:06.640" level="INFO">Successfully initialized new page object and opened url: http://localhost:3000</msg>
<msg timestamp="20221114 08:16:06.640" level="INFO">No context was open. New context was automatically opened when this page is created.</msg>
<status status="PASS" starttime="20221114 08:16:05.607" endtime="20221114 08:16:06.641"/>
</kw>
<status status="PASS" starttime="20221114 08:16:05.275" endtime="20221114 08:16:06.642"/>
</kw>
<kw name="Fill Credentials" library="login">
<arg>admin@smartbit.com</arg>
<arg>${EMPTY}</arg>
<kw name="Fill Text" library="Browser">
<arg>css=input[placeholder="Seu e-mail"]</arg>
<arg>${email}</arg>
<tag>PageContent</tag>
<tag>Setter</tag>
<doc>Clears and fills the given ``txt`` into the text field found by ``selector``.</doc>
<msg timestamp="20221114 08:16:06.649" level="INFO">Fills the text 'admin@smartbit.com' in the given field.</msg>
<status status="PASS" starttime="20221114 08:16:06.648" endtime="20221114 08:16:06.706"/>
</kw>
<kw name="Fill Text" library="Browser">
<arg>css=input[placeholder="Sua Senha"]</arg>
<arg>${pass}</arg>
<tag>PageContent</tag>
<tag>Setter</tag>
<doc>Clears and fills the given ``txt`` into the text field found by ``selector``.</doc>
<msg timestamp="20221114 08:16:06.707" level="INFO">Fills the text '' in the given field.</msg>
<status status="PASS" starttime="20221114 08:16:06.707" endtime="20221114 08:16:06.734"/>
</kw>
<status status="PASS" starttime="20221114 08:16:06.644" endtime="20221114 08:16:06.734"/>
</kw>
<kw name="Submit Credentials" library="login">
<kw name="Click" library="Browser">
<arg>css=button &gt;&gt; text=Entrar no sistema</arg>
<tag>PageContent</tag>
<tag>Setter</tag>
<doc>Simulates mouse click on the element found by ``selector``.</doc>
<status status="PASS" starttime="20221114 08:16:06.736" endtime="20221114 08:16:06.790"/>
</kw>
<status status="PASS" starttime="20221114 08:16:06.735" endtime="20221114 08:16:06.790"/>
</kw>
<kw name="Alert Text Should Be" library="login">
<arg>password</arg>
<arg>A senha é obrigatória</arg>
<kw name="Get Text" library="Browser">
<arg>xpath=//input[@type="${field}"]/..//span</arg>
<arg>equal</arg>
<arg>${expected_text}</arg>
<tag>Assertion</tag>
<tag>Getter</tag>
<tag>PageContent</tag>
<doc>Returns text attribute of the element found by ``selector``.</doc>
<status status="PASS" starttime="20221114 08:16:06.791" endtime="20221114 08:16:06.823"/>
</kw>
<status status="PASS" starttime="20221114 08:16:06.791" endtime="20221114 08:16:06.823"/>
</kw>
<status status="PASS" starttime="20221114 08:16:05.266" endtime="20221114 08:16:06.823"/>
</test>
<test id="s1-s1-s1-t6" name="Blank email" line="40">
<kw name="Go To Login Page" library="login">
<kw name="New Browser" library="Browser">
<arg>headless=False</arg>
<arg>browser=chromium</arg>
<tag>BrowserControl</tag>
<tag>Setter</tag>
<doc>Create a new playwright Browser with specified options.</doc>
<msg timestamp="20221114 08:16:06.904" level="INFO">{"browser": "chromium", "headless": false, "devtools": false, "handleSIGHUP": true, "handleSIGINT": true, "handleSIGTERM": true, "slowMo": 0.0, "timeout": 30000.0, "deprecated_pos_args": [], "tracesDir": "/home/fschefer/Robocamp_Git/Robocamp-2022/results/browser/traces/dbf71783-aa03-46db-b88a-ce6161fd47af"}</msg>
<msg timestamp="20221114 08:16:07.249" level="INFO">Successfully created browser with options: {"browser":"chromium","headless":false,"devtools":false,"handleSIGHUP":true,"handleSIGINT":true,"handleSIGTERM":true,"slowMo":0,"timeout":30000,"deprecated_pos_args":[],"tracesDir":"/home/fschefer/Robocamp_Git/Robocamp-2022/results/browser/traces/dbf71783-aa03-46db-b88a-ce6161fd47af"}</msg>
<status status="PASS" starttime="20221114 08:16:06.900" endtime="20221114 08:16:07.249"/>
</kw>
<kw name="New Page" library="Browser">
<arg>http://localhost:3000</arg>
<tag>BrowserControl</tag>
<tag>Setter</tag>
<doc>Open a new Page.</doc>
<msg timestamp="20221114 08:16:08.260" level="INFO">Successfully initialized new page object and opened url: http://localhost:3000</msg>
<msg timestamp="20221114 08:16:08.261" level="INFO">No context was open. New context was automatically opened when this page is created.</msg>
<status status="PASS" starttime="20221114 08:16:07.250" endtime="20221114 08:16:08.264"/>
</kw>
<status status="PASS" starttime="20221114 08:16:06.899" endtime="20221114 08:16:08.265"/>
</kw>
<kw name="Fill Credentials" library="login">
<arg>${EMPTY}</arg>
<arg>qacademy</arg>
<kw name="Fill Text" library="Browser">
<arg>css=input[placeholder="Seu e-mail"]</arg>
<arg>${email}</arg>
<tag>PageContent</tag>
<tag>Setter</tag>
<doc>Clears and fills the given ``txt`` into the text field found by ``selector``.</doc>
<msg timestamp="20221114 08:16:08.281" level="INFO">Fills the text '' in the given field.</msg>
<status status="PASS" starttime="20221114 08:16:08.278" endtime="20221114 08:16:08.324"/>
</kw>
<kw name="Fill Text" library="Browser">
<arg>css=input[placeholder="Sua Senha"]</arg>
<arg>${pass}</arg>
<tag>PageContent</tag>
<tag>Setter</tag>
<doc>Clears and fills the given ``txt`` into the text field found by ``selector``.</doc>
<msg timestamp="20221114 08:16:08.325" level="INFO">Fills the text 'qacademy' in the given field.</msg>
<status status="PASS" starttime="20221114 08:16:08.325" endtime="20221114 08:16:08.344"/>
</kw>
<status status="PASS" starttime="20221114 08:16:08.275" endtime="20221114 08:16:08.345"/>
</kw>
<kw name="Submit Credentials" library="login">
<kw name="Click" library="Browser">
<arg>css=button &gt;&gt; text=Entrar no sistema</arg>
<tag>PageContent</tag>
<tag>Setter</tag>
<doc>Simulates mouse click on the element found by ``selector``.</doc>
<status status="PASS" starttime="20221114 08:16:08.347" endtime="20221114 08:16:08.403"/>
</kw>
<status status="PASS" starttime="20221114 08:16:08.346" endtime="20221114 08:16:08.403"/>
</kw>
<kw name="Alert Text Should Be" library="login">
<arg>email</arg>
<arg>O e-mail é obrigatório</arg>
<kw name="Get Text" library="Browser">
<arg>xpath=//input[@type="${field}"]/..//span</arg>
<arg>equal</arg>
<arg>${expected_text}</arg>
<tag>Assertion</tag>
<tag>Getter</tag>
<tag>PageContent</tag>
<doc>Returns text attribute of the element found by ``selector``.</doc>
<status status="PASS" starttime="20221114 08:16:08.404" endtime="20221114 08:16:08.428"/>
</kw>
<status status="PASS" starttime="20221114 08:16:08.404" endtime="20221114 08:16:08.430"/>
</kw>
<status status="PASS" starttime="20221114 08:16:06.893" endtime="20221114 08:16:08.431"/>
</test>
<test id="s1-s1-s1-t7" name="Blank email and password" line="46">
<kw name="Go To Login Page" library="login">
<kw name="New Browser" library="Browser">
<arg>headless=False</arg>
<arg>browser=chromium</arg>
<tag>BrowserControl</tag>
<tag>Setter</tag>
<doc>Create a new playwright Browser with specified options.</doc>
<msg timestamp="20221114 08:16:08.513" level="INFO">{"browser": "chromium", "headless": false, "devtools": false, "handleSIGHUP": true, "handleSIGINT": true, "handleSIGTERM": true, "slowMo": 0.0, "timeout": 30000.0, "deprecated_pos_args": [], "tracesDir": "/home/fschefer/Robocamp_Git/Robocamp-2022/results/browser/traces/e301c12e-4e0d-49f8-9000-2cdf2576a994"}</msg>
<msg timestamp="20221114 08:16:08.948" level="INFO">Successfully created browser with options: {"browser":"chromium","headless":false,"devtools":false,"handleSIGHUP":true,"handleSIGINT":true,"handleSIGTERM":true,"slowMo":0,"timeout":30000,"deprecated_pos_args":[],"tracesDir":"/home/fschefer/Robocamp_Git/Robocamp-2022/results/browser/traces/e301c12e-4e0d-49f8-9000-2cdf2576a994"}</msg>
<status status="PASS" starttime="20221114 08:16:08.510" endtime="20221114 08:16:08.949"/>
</kw>
<kw name="New Page" library="Browser">
<arg>http://localhost:3000</arg>
<tag>BrowserControl</tag>
<tag>Setter</tag>
<doc>Open a new Page.</doc>
<msg timestamp="20221114 08:16:09.974" level="INFO">Successfully initialized new page object and opened url: http://localhost:3000</msg>
<msg timestamp="20221114 08:16:09.975" level="INFO">No context was open. New context was automatically opened when this page is created.</msg>
<status status="PASS" starttime="20221114 08:16:08.950" endtime="20221114 08:16:09.976"/>
</kw>
<status status="PASS" starttime="20221114 08:16:08.509" endtime="20221114 08:16:09.977"/>
</kw>
<kw name="Submit Credentials" library="login">
<kw name="Click" library="Browser">
<arg>css=button &gt;&gt; text=Entrar no sistema</arg>
<tag>PageContent</tag>
<tag>Setter</tag>
<doc>Simulates mouse click on the element found by ``selector``.</doc>
<status status="PASS" starttime="20221114 08:16:09.983" endtime="20221114 08:16:10.069"/>
</kw>
<status status="PASS" starttime="20221114 08:16:09.982" endtime="20221114 08:16:10.069"/>
</kw>
<kw name="Alert Text Should Be" library="login">
<arg>email</arg>
<arg>O e-mail é obrigatório</arg>
<kw name="Get Text" library="Browser">
<arg>xpath=//input[@type="${field}"]/..//span</arg>
<arg>equal</arg>
<arg>${expected_text}</arg>
<tag>Assertion</tag>
<tag>Getter</tag>
<tag>PageContent</tag>
<doc>Returns text attribute of the element found by ``selector``.</doc>
<status status="PASS" starttime="20221114 08:16:10.070" endtime="20221114 08:16:10.092"/>
</kw>
<status status="PASS" starttime="20221114 08:16:10.069" endtime="20221114 08:16:10.092"/>
</kw>
<kw name="Alert Text Should Be" library="login">
<arg>password</arg>
<arg>A senha é obrigatória</arg>
<kw name="Get Text" library="Browser">
<arg>xpath=//input[@type="${field}"]/..//span</arg>
<arg>equal</arg>
<arg>${expected_text}</arg>
<tag>Assertion</tag>
<tag>Getter</tag>
<tag>PageContent</tag>
<doc>Returns text attribute of the element found by ``selector``.</doc>
<status status="PASS" starttime="20221114 08:16:10.093" endtime="20221114 08:16:10.113"/>
</kw>
<status status="PASS" starttime="20221114 08:16:10.092" endtime="20221114 08:16:10.113"/>
</kw>
<status status="PASS" starttime="20221114 08:16:08.503" endtime="20221114 08:16:10.114"/>
</test>
<doc>Suite de testes de autenticação
Administrador deve acessar o portal de gestão de academias</doc>
<status status="PASS" starttime="20221114 08:15:57.552" endtime="20221114 08:16:10.192"/>
</suite>
<status status="PASS" starttime="20221114 08:15:57.547" endtime="20221114 08:16:10.206"/>
</suite>
<status status="PASS" starttime="20221114 08:15:57.523" endtime="20221114 08:16:10.212"/>
</suite>
<statistics>
<total>
<stat pass="7" fail="0" skip="0">All Tests</stat>
</total>
<tag>
</tag>
<suite>
<stat pass="7" fail="0" skip="0" id="s1" name="Robocamp-2022">Robocamp-2022</stat>
<stat pass="7" fail="0" skip="0" id="s1-s1" name="Tests">Robocamp-2022.Tests</stat>
<stat pass="7" fail="0" skip="0" id="s1-s1-s1" name="Login">Robocamp-2022.Tests.Login</stat>
</suite>
</statistics>
<errors>
</errors>
</robot>
