<?xml version="1.0" encoding="UTF-8"?>
<robot generator="Robot 6.0 (Python 3.10.8 on linux)" generated="20221124 09:35:35.943" rpa="false" schemaversion="3">
<suite id="s1" name="Robocamp-2022" source="/home/fschefer/Robocamp_Git/Robocamp-2022">
<suite id="s1-s1" name="Tests" source="/home/fschefer/Robocamp_Git/Robocamp-2022/tests">
<suite id="s1-s1-s1" name="Enrolls" source="/home/fschefer/Robocamp_Git/Robocamp-2022/tests/enrolls.robot">
<test id="s1-s1-s1-t1" name="Should enroll an student" line="8">
<kw name="Get Fixture" library="base">
<var>${admin}</var>
<arg>admin</arg>
<kw name="Load Json From File" library="JSONLibrary">
<var>${fixture}</var>
<arg>${EXECDIR}/resources/fixtures/${fixture_file}.json</arg>
<doc>Load JSON from file.</doc>
<msg timestamp="20221124 09:35:36.662" level="INFO">${fixture} = {'name': 'Admin', 'email': 'admin@smartbit.com', 'pass': 'qacademy'}</msg>
<status status="PASS" starttime="20221124 09:35:36.662" endtime="20221124 09:35:36.662"/>
</kw>
<return>
<value>${fixture}</value>
<status status="PASS" starttime="20221124 09:35:36.663" endtime="20221124 09:35:36.663"/>
</return>
<msg timestamp="20221124 09:35:36.663" level="INFO">${admin} = {'name': 'Admin', 'email': 'admin@smartbit.com', 'pass': 'qacademy'}</msg>
<status status="PASS" starttime="20221124 09:35:36.661" endtime="20221124 09:35:36.663"/>
</kw>
<kw name="Get Fixture" library="base">
<var>${student}</var>
<arg>student</arg>
<kw name="Load Json From File" library="JSONLibrary">
<var>${fixture}</var>
<arg>${EXECDIR}/resources/fixtures/${fixture_file}.json</arg>
<doc>Load JSON from file.</doc>
<msg timestamp="20221124 09:35:36.667" level="INFO">${fixture} = {'name': 'Arabella Alves', 'email': 'arabella@smartest.com', 'enroll': {'plan': 'Smart'}}</msg>
<status status="PASS" starttime="20221124 09:35:36.665" endtime="20221124 09:35:36.668"/>
</kw>
<return>
<value>${fixture}</value>
<status status="PASS" starttime="20221124 09:35:36.669" endtime="20221124 09:35:36.669"/>
</return>
<msg timestamp="20221124 09:35:36.670" level="INFO">${student} = {'name': 'Arabella Alves', 'email': 'arabella@smartest.com', 'enroll': {'plan': 'Smart'}}</msg>
<status status="PASS" starttime="20221124 09:35:36.664" endtime="20221124 09:35:36.670"/>
</kw>
<kw name="Connect to Postgres" library="database">
<kw name="Connect To Database" library="DatabaseLibrary">
<arg>psycopg2</arg>
<arg>icrdwkxo</arg>
<arg>icrdwkxo</arg>
<arg>t2Nzj4ilucJng56lN6Wqzt1GMLV0NI3J</arg>
<arg>babar.db.elephantsql.com</arg>
<arg>5432</arg>
<doc>Loads the DB API 2.0 module given `dbapiModuleName` then uses it to
connect to the database using `dbName`, `dbUsername`, and `dbPassword`.</doc>
<msg timestamp="20221124 09:35:36.682" level="INFO">Connecting using : psycopg2.connect(database=icrdwkxo, user=icrdwkxo, password=t2Nzj4ilucJng56lN6Wqzt1GMLV0NI3J, host=babar.db.elephantsql.com, port=5432) </msg>
<status status="PASS" starttime="20221124 09:35:36.671" endtime="20221124 09:35:37.681"/>
</kw>
<status status="PASS" starttime="20221124 09:35:36.670" endtime="20221124 09:35:37.682"/>
</kw>
<kw name="Delete Enrollment By E-mail" library="database">
<arg>${student}[email]</arg>
<kw name="Select User by E-mail" library="database">
<var>${user}</var>
<arg>${email}</arg>
<kw name="Set Variable" library="BuiltIn">
<var>${query}</var>
<arg>SELECT * FROM public.students WHERE email='${email}'</arg>
<doc>Returns the given values which can then be assigned to a variables.</doc>
<msg timestamp="20221124 09:35:37.686" level="INFO">${query} = SELECT * FROM public.students WHERE email='arabella@smartest.com'</msg>
<status status="PASS" starttime="20221124 09:35:37.685" endtime="20221124 09:35:37.686"/>
</kw>
<kw name="Query" library="DatabaseLibrary">
<var>${result}</var>
<arg>${query}</arg>
<doc>Uses the input `selectStatement` to query for the values that will be returned as a list of tuples. Set optional
input `sansTran` to True to run command without an explicit transaction commit or rollback.
Set optional input `returnAsDict` to True to return values as a list of dictionaries.</doc>
<msg timestamp="20221124 09:35:37.687" level="INFO">Executing : Query  |  SELECT * FROM public.students WHERE email='arabella@smartest.com' </msg>
<msg timestamp="20221124 09:35:37.835" level="INFO">${result} = [(6, 'arabella@smartest.com', 'Arabella Alves', 22, Decimal('80.00'), Decimal('1.65'), datetime.datetime(2022, 11, 14, 11, 4, 58, 916000, tzinfo=datetime.timezone.utc), datetime.datetime(2022, 11, 14,...</msg>
<status status="PASS" starttime="20221124 09:35:37.687" endtime="20221124 09:35:37.836"/>
</kw>
<return>
<value>${result}[0]</value>
<status status="PASS" starttime="20221124 09:35:37.836" endtime="20221124 09:35:37.837"/>
</return>
<msg timestamp="20221124 09:35:37.837" level="INFO">${user} = (6, 'arabella@smartest.com', 'Arabella Alves', 22, Decimal('80.00'), Decimal('1.65'), datetime.datetime(2022, 11, 14, 11, 4, 58, 916000, tzinfo=datetime.timezone.utc), datetime.datetime(2022, 11, 14, ...</msg>
<status status="PASS" starttime="20221124 09:35:37.684" endtime="20221124 09:35:37.838"/>
</kw>
<kw name="Set Variable" library="BuiltIn">
<var>${query}</var>
<arg>DELETE FROM public.enrollments WHERE student_id ='${user}[0]';</arg>
<doc>Returns the given values which can then be assigned to a variables.</doc>
<msg timestamp="20221124 09:35:37.839" level="INFO">${query} = DELETE FROM public.enrollments WHERE student_id ='6';</msg>
<status status="PASS" starttime="20221124 09:35:37.838" endtime="20221124 09:35:37.839"/>
</kw>
<kw name="Execute Sql String" library="DatabaseLibrary">
<arg>${query}</arg>
<doc>Executes the sqlString as SQL commands. Useful to pass arguments to your sql. Set optional input `sansTran` to
True to run command without an explicit transaction commit or rollback.</doc>
<msg timestamp="20221124 09:35:37.843" level="INFO">Executing : Execute SQL String  |  DELETE FROM public.enrollments WHERE student_id ='6'; </msg>
<status status="PASS" starttime="20221124 09:35:37.840" endtime="20221124 09:35:37.992"/>
</kw>
<status status="PASS" starttime="20221124 09:35:37.682" endtime="20221124 09:35:37.993"/>
</kw>
<kw name="Disconnect From Database" library="DatabaseLibrary">
<doc>Disconnects from the database.</doc>
<msg timestamp="20221124 09:35:37.994" level="INFO">Executing : Disconnect From Database</msg>
<status status="PASS" starttime="20221124 09:35:37.993" endtime="20221124 09:35:37.994"/>
</kw>
<kw name="Do Login" library="base">
<arg>${admin}</arg>
<kw name="Go To Login Page" library="login">
<kw name="New Browser" library="Browser">
<arg>headless=False</arg>
<arg>browser=chromium</arg>
<tag>BrowserControl</tag>
<tag>Setter</tag>
<doc>Create a new playwright Browser with specified options.</doc>
<msg timestamp="20221124 09:35:37.997" level="INFO">{"browser": "chromium", "headless": false, "devtools": false, "handleSIGHUP": true, "handleSIGINT": true, "handleSIGTERM": true, "slowMo": 0.0, "timeout": 30000.0, "deprecated_pos_args": [], "tracesDir": "/home/fschefer/Robocamp_Git/Robocamp-2022/results/browser/traces/2ef764d0-cfc9-4ebe-9cb2-235f3c0116aa"}</msg>
<msg timestamp="20221124 09:35:38.264" level="INFO">Successfully created browser with options: {"browser":"chromium","headless":false,"devtools":false,"handleSIGHUP":true,"handleSIGINT":true,"handleSIGTERM":true,"slowMo":0,"timeout":30000,"deprecated_pos_args":[],"tracesDir":"/home/fschefer/Robocamp_Git/Robocamp-2022/results/browser/traces/2ef764d0-cfc9-4ebe-9cb2-235f3c0116aa"}</msg>
<status status="PASS" starttime="20221124 09:35:37.996" endtime="20221124 09:35:38.264"/>
</kw>
<kw name="New Page" library="Browser">
<arg>http://localhost:3000</arg>
<tag>BrowserControl</tag>
<tag>Setter</tag>
<doc>Open a new Page.</doc>
<msg timestamp="20221124 09:35:39.298" level="INFO">Successfully initialized new page object and opened url: http://localhost:3000</msg>
<msg timestamp="20221124 09:35:39.298" level="INFO">No context was open. New context was automatically opened when this page is created.</msg>
<status status="PASS" starttime="20221124 09:35:38.265" endtime="20221124 09:35:39.299"/>
</kw>
<status status="PASS" starttime="20221124 09:35:37.996" endtime="20221124 09:35:39.301"/>
</kw>
<kw name="Fill Credentials" library="login">
<arg>${user}[email]</arg>
<arg>${user}[pass]</arg>
<kw name="Fill Text" library="Browser">
<arg>css=input[placeholder="Seu e-mail"]</arg>
<arg>${email}</arg>
<tag>PageContent</tag>
<tag>Setter</tag>
<doc>Clears and fills the given ``txt`` into the text field found by ``selector``.</doc>
<msg timestamp="20221124 09:35:39.309" level="INFO">Fills the text 'admin@smartbit.com' in the given field.</msg>
<status status="PASS" starttime="20221124 09:35:39.307" endtime="20221124 09:35:39.372"/>
</kw>
<kw name="Fill Text" library="Browser">
<arg>css=input[placeholder="Sua Senha"]</arg>
<arg>${pass}</arg>
<tag>PageContent</tag>
<tag>Setter</tag>
<doc>Clears and fills the given ``txt`` into the text field found by ``selector``.</doc>
<msg timestamp="20221124 09:35:39.374" level="INFO">Fills the text 'qacademy' in the given field.</msg>
<status status="PASS" starttime="20221124 09:35:39.373" endtime="20221124 09:35:39.395"/>
</kw>
<status status="PASS" starttime="20221124 09:35:39.305" endtime="20221124 09:35:39.396"/>
</kw>
<kw name="Submit Credentials" library="login">
<kw name="Click" library="Browser">
<arg>css=button &gt;&gt; text=Entrar no sistema</arg>
<tag>PageContent</tag>
<tag>Setter</tag>
<doc>Simulates mouse click on the element found by ``selector``.</doc>
<status status="PASS" starttime="20221124 09:35:39.396" endtime="20221124 09:35:39.465"/>
</kw>
<status status="PASS" starttime="20221124 09:35:39.396" endtime="20221124 09:35:39.466"/>
</kw>
<kw name="User Should Be Looged In" library="navbar">
<arg>${user}[name]</arg>
<kw name="Set Variable" library="BuiltIn">
<var>${logged_user}</var>
<arg>css=aside strong</arg>
<doc>Returns the given values which can then be assigned to a variables.</doc>
<msg timestamp="20221124 09:35:39.470" level="INFO">${logged_user} = css=aside strong</msg>
<status status="PASS" starttime="20221124 09:35:39.469" endtime="20221124 09:35:39.472"/>
</kw>
<kw name="Wait For Elements State" library="Browser">
<arg>${logged_user}</arg>
<arg>visible</arg>
<arg>5</arg>
<tag>PageContent</tag>
<tag>Wait</tag>
<doc>Waits for the element found by ``selector`` to satisfy state option.</doc>
<msg timestamp="20221124 09:35:40.668" level="INFO">Waited for Element with selector css=aside strong at state visible</msg>
<status status="PASS" starttime="20221124 09:35:39.473" endtime="20221124 09:35:40.669"/>
</kw>
<kw name="Get Text" library="Browser">
<arg>${logged_user}</arg>
<arg>equal</arg>
<arg>${user_name}</arg>
<tag>Assertion</tag>
<tag>Getter</tag>
<tag>PageContent</tag>
<doc>Returns text attribute of the element found by ``selector``.</doc>
<status status="PASS" starttime="20221124 09:35:40.669" endtime="20221124 09:35:40.710"/>
</kw>
<status status="PASS" starttime="20221124 09:35:39.468" endtime="20221124 09:35:40.710"/>
</kw>
<status status="PASS" starttime="20221124 09:35:37.995" endtime="20221124 09:35:40.711"/>
</kw>
<kw name="Go To Enrolls" library="enroll">
<kw name="Click" library="Browser">
<arg>css=a[href="/matriculas"]</arg>
<tag>PageContent</tag>
<tag>Setter</tag>
<doc>Simulates mouse click on the element found by ``selector``.</doc>
<status status="PASS" starttime="20221124 09:35:40.712" endtime="20221124 09:35:40.793"/>
</kw>
<status status="PASS" starttime="20221124 09:35:40.711" endtime="20221124 09:35:40.794"/>
</kw>
<kw name="Go To Enroll Form" library="enroll">
<kw name="Click" library="Browser">
<arg>css=a[href="/matriculas/new"]</arg>
<tag>PageContent</tag>
<tag>Setter</tag>
<doc>Simulates mouse click on the element found by ``selector``.</doc>
<status status="PASS" starttime="20221124 09:35:40.795" endtime="20221124 09:35:40.896"/>
</kw>
<status status="PASS" starttime="20221124 09:35:40.794" endtime="20221124 09:35:40.896"/>
</kw>
<kw name="Select Student" library="enroll">
<arg>${student}[name]</arg>
<kw name="Fill Text" library="Browser">
<arg>xpath=//div[contains(text(), "nome do aluno")]/..//input</arg>
<arg>${student_name}</arg>
<tag>PageContent</tag>
<tag>Setter</tag>
<doc>Clears and fills the given ``txt`` into the text field found by ``selector``.</doc>
<msg timestamp="20221124 09:35:40.899" level="INFO">Fills the text 'Arabella Alves' in the given field.</msg>
<status status="PASS" starttime="20221124 09:35:40.898" endtime="20221124 09:35:40.964"/>
</kw>
<kw name="Click" library="Browser">
<arg>css=div[class$=option] &gt;&gt; text=${student_name}</arg>
<tag>PageContent</tag>
<tag>Setter</tag>
<doc>Simulates mouse click on the element found by ``selector``.</doc>
<status status="PASS" starttime="20221124 09:35:40.964" endtime="20221124 09:35:41.130"/>
</kw>
<status status="PASS" starttime="20221124 09:35:40.897" endtime="20221124 09:35:41.130"/>
</kw>
<kw name="Select Plan" library="enroll">
<arg>${student}[enroll][plan]</arg>
<kw name="Click" library="Browser">
<arg>xpath=//label[text()="PLANO"]/..//div[contains(text(), "Selecione")]</arg>
<tag>PageContent</tag>
<tag>Setter</tag>
<doc>Simulates mouse click on the element found by ``selector``.</doc>
<status status="PASS" starttime="20221124 09:35:41.133" endtime="20221124 09:35:41.175"/>
</kw>
<kw name="Click" library="Browser">
<arg>css=div[class$=option] &gt;&gt; text=${plan_name}</arg>
<tag>PageContent</tag>
<tag>Setter</tag>
<doc>Simulates mouse click on the element found by ``selector``.</doc>
<status status="PASS" starttime="20221124 09:35:41.176" endtime="20221124 09:35:41.240"/>
</kw>
<status status="PASS" starttime="20221124 09:35:41.131" endtime="20221124 09:35:41.240"/>
</kw>
<kw name="Fill Start Date" library="enroll">
<arg>2022-11-14</arg>
<kw name="Fill Text" library="Browser">
<arg>input[id="start_date"]</arg>
<arg>${start_date}</arg>
<tag>PageContent</tag>
<tag>Setter</tag>
<doc>Clears and fills the given ``txt`` into the text field found by ``selector``.</doc>
<msg timestamp="20221124 09:35:41.242" level="INFO">Fills the text '2022-11-14' in the given field.</msg>
<status status="PASS" starttime="20221124 09:35:41.241" endtime="20221124 09:35:41.276"/>
</kw>
<status status="PASS" starttime="20221124 09:35:41.241" endtime="20221124 09:35:41.276"/>
</kw>
<kw name="Click" library="Browser">
<arg>css=button[type=submit]</arg>
<tag>PageContent</tag>
<tag>Setter</tag>
<doc>Simulates mouse click on the element found by ``selector``.</doc>
<status status="PASS" starttime="20221124 09:35:41.276" endtime="20221124 09:35:41.344"/>
</kw>
<kw name="Verify Toaster" library="toast">
<arg>Matrícula cadastrada com sucesso</arg>
<kw name="Wait For Elements State" library="Browser">
<arg>css=.Toastify__toast-body div &gt;&gt; text=${expected_message}</arg>
<arg>visible</arg>
<arg>5</arg>
<tag>PageContent</tag>
<tag>Wait</tag>
<doc>Waits for the element found by ``selector`` to satisfy state option.</doc>
<msg timestamp="20221124 09:35:41.809" level="INFO">Waited for Element with selector css=.Toastify__toast-body div &gt;&gt; text=Matrícula cadastrada com sucesso at state visible</msg>
<status status="PASS" starttime="20221124 09:35:41.346" endtime="20221124 09:35:41.809"/>
</kw>
<status status="PASS" starttime="20221124 09:35:41.345" endtime="20221124 09:35:41.810"/>
</kw>
<status status="PASS" starttime="20221124 09:35:36.658" endtime="20221124 09:35:41.810"/>
</test>
<doc>Admin can enroll new students</doc>
<status status="PASS" starttime="20221124 09:35:36.067" endtime="20221124 09:35:41.895"/>
</suite>
<status status="PASS" starttime="20221124 09:35:36.065" endtime="20221124 09:35:41.902"/>
</suite>
<status status="PASS" starttime="20221124 09:35:36.041" endtime="20221124 09:35:41.907"/>
</suite>
<statistics>
<total>
<stat pass="1" fail="0" skip="0">All Tests</stat>
</total>
<tag>
</tag>
<suite>
<stat pass="1" fail="0" skip="0" id="s1" name="Robocamp-2022">Robocamp-2022</stat>
<stat pass="1" fail="0" skip="0" id="s1-s1" name="Tests">Robocamp-2022.Tests</stat>
<stat pass="1" fail="0" skip="0" id="s1-s1-s1" name="Enrolls">Robocamp-2022.Tests.Enrolls</stat>
</suite>
</statistics>
<errors>
</errors>
</robot>
