<?xml version="1.0" encoding="UTF-8"?>
<robot generator="Robot 6.0 (Python 3.10.8 on linux)" generated="20221127 16:16:37.748" rpa="false" schemaversion="3">
<suite id="s1" name="Robocamp-2022" source="/home/fschefer/Robocamp_Git/Robocamp-2022">
<suite id="s1-s1" name="Tests" source="/home/fschefer/Robocamp_Git/Robocamp-2022/tests">
<suite id="s1-s1-s1" name="Enrolls" source="/home/fschefer/Robocamp_Git/Robocamp-2022/tests/enrolls.robot">
<test id="s1-s1-s1-t1" name="Should enroll a student through the API" line="29">
<kw name="Get Fixture" library="base">
<var>${admin}</var>
<arg>admin</arg>
<kw name="Load Json From File" library="JSONLibrary">
<var>${fixture}</var>
<arg>${EXECDIR}/resources/fixtures/${fixture_file}.json</arg>
<doc>Load JSON from file.</doc>
<msg timestamp="20221127 16:16:38.565" level="INFO">${fixture} = {'name': 'Admin', 'email': 'admin@smartbit.com', 'password': 'qacademy'}</msg>
<status status="PASS" starttime="20221127 16:16:38.565" endtime="20221127 16:16:38.566"/>
</kw>
<return>
<value>${fixture}</value>
<status status="PASS" starttime="20221127 16:16:38.566" endtime="20221127 16:16:38.566"/>
</return>
<msg timestamp="20221127 16:16:38.569" level="INFO">${admin} = {'name': 'Admin', 'email': 'admin@smartbit.com', 'password': 'qacademy'}</msg>
<status status="PASS" starttime="20221127 16:16:38.564" endtime="20221127 16:16:38.569"/>
</kw>
<kw name="Get Fixture" library="base">
<var>${suelen}</var>
<arg>suelen</arg>
<kw name="Load Json From File" library="JSONLibrary">
<var>${fixture}</var>
<arg>${EXECDIR}/resources/fixtures/${fixture_file}.json</arg>
<doc>Load JSON from file.</doc>
<msg timestamp="20221127 16:16:38.574" level="INFO">${fixture} = {'student': {'feet_tall': 1.6, 'weight': 50, 'age': 20, 'email': 'suelen@yahoo.com', 'name': 'Suelen Cristina'}, 'enroll': {'plan': 'Smart'}}</msg>
<status status="PASS" starttime="20221127 16:16:38.573" endtime="20221127 16:16:38.574"/>
</kw>
<return>
<value>${fixture}</value>
<status status="PASS" starttime="20221127 16:16:38.575" endtime="20221127 16:16:38.577"/>
</return>
<msg timestamp="20221127 16:16:38.578" level="INFO">${suelen} = {'student': {'feet_tall': 1.6, 'weight': 50, 'age': 20, 'email': 'suelen@yahoo.com', 'name': 'Suelen Cristina'}, 'enroll': {'plan': 'Smart'}}</msg>
<status status="PASS" starttime="20221127 16:16:38.572" endtime="20221127 16:16:38.578"/>
</kw>
<kw name="Get Service Token" library="sessions">
<var>${token}</var>
<arg>${admin}</arg>
<kw name="POST" library="RequestsLibrary">
<var>${response}</var>
<arg>http://localhost:3333/sessions</arg>
<arg>json=${user}</arg>
<arg>expected_status=200</arg>
<doc>Sends a POST request.</doc>
<msg timestamp="20221127 16:16:39.507" level="INFO">POST Request : url=http://localhost:3333/sessions 
 path_url=/sessions 
 headers={'User-Agent': 'python-requests/2.28.1', 'Accept-Encoding': 'gzip, deflate', 'Accept': '*/*', 'Connection': 'keep-alive', 'Content-Length': '72', 'Content-Type': 'application/json'} 
 body=b'{"name": "Admin", "email": "admin@smartbit.com", "password": "qacademy"}' 
 </msg>
<msg timestamp="20221127 16:16:39.507" level="INFO">POST Response : url=http://localhost:3333/sessions 
 status=200, reason=OK 
 headers={'X-DNS-Prefetch-Control': 'off', 'X-Frame-Options': 'SAMEORIGIN', 'Strict-Transport-Security': 'max-age=15552000; includeSubDomains', 'X-Download-Options': 'noopen', 'X-Content-Type-Options': 'nosniff', 'X-XSS-Protection': '1; mode=block', 'Access-Control-Allow-Origin': 'http://localhost:3000', 'Vary': 'Origin', 'Content-Type': 'application/json; charset=utf-8', 'Content-Length': '209', 'ETag': 'W/"d1-WWeJpDr64NTShCjbMHC4wZrRV8c"', 'Date': 'Sun, 27 Nov 2022 19:16:39 GMT', 'Connection': 'keep-alive', 'Keep-Alive': 'timeout=5'} 
 body={"user":{"id":1,"name":"Admin","email":"admin@smartbit.com"},"token":"eyJhbGciOiJIUzI1NiIsInR5cCI6IkpXVCJ9.eyJpZCI6MSwiaWF0IjoxNjY5NTc2NTk5LCJleHAiOjE2NzAxODEzOTl9.xvIj9QtNFeT6PpIBRSKf_zBByA2J5-r6PbVBN9pdGd4"} 
 </msg>
<msg timestamp="20221127 16:16:39.508" level="INFO">${response} = &lt;Response [200]&gt;</msg>
<status status="PASS" starttime="20221127 16:16:38.580" endtime="20221127 16:16:39.508"/>
</kw>
<kw name="Set Variable" library="BuiltIn">
<var>${token}</var>
<arg>Bearer ${response.json()}[token]</arg>
<doc>Returns the given values which can then be assigned to a variables.</doc>
<msg timestamp="20221127 16:16:39.510" level="INFO">${token} = Bearer eyJhbGciOiJIUzI1NiIsInR5cCI6IkpXVCJ9.eyJpZCI6MSwiaWF0IjoxNjY5NTc2NTk5LCJleHAiOjE2NzAxODEzOTl9.xvIj9QtNFeT6PpIBRSKf_zBByA2J5-r6PbVBN9pdGd4</msg>
<status status="PASS" starttime="20221127 16:16:39.509" endtime="20221127 16:16:39.510"/>
</kw>
<msg timestamp="20221127 16:16:39.511" level="INFO">${token} = Bearer eyJhbGciOiJIUzI1NiIsInR5cCI6IkpXVCJ9.eyJpZCI6MSwiaWF0IjoxNjY5NTc2NTk5LCJleHAiOjE2NzAxODEzOTl9.xvIj9QtNFeT6PpIBRSKf_zBByA2J5-r6PbVBN9pdGd4</msg>
<status status="PASS" starttime="20221127 16:16:38.579" endtime="20221127 16:16:39.511"/>
</kw>
<kw name="POST New Student" library="student">
<arg>${token}</arg>
<arg>${suelen}[student]</arg>
<kw name="Create Dictionary" library="BuiltIn">
<var>${headers}</var>
<arg>Authorization=${token}</arg>
<doc>Creates and returns a dictionary based on the given ``items``.</doc>
<msg timestamp="20221127 16:16:39.518" level="INFO">${headers} = {'Authorization': 'Bearer eyJhbGciOiJIUzI1NiIsInR5cCI6IkpXVCJ9.eyJpZCI6MSwiaWF0IjoxNjY5NTc2NTk5LCJleHAiOjE2NzAxODEzOTl9.xvIj9QtNFeT6PpIBRSKf_zBByA2J5-r6PbVBN9pdGd4'}</msg>
<status status="PASS" starttime="20221127 16:16:39.515" endtime="20221127 16:16:39.518"/>
</kw>
<kw name="POST" library="RequestsLibrary">
<var>${response}</var>
<arg>http://localhost:3333/students</arg>
<arg>json=${student}</arg>
<arg>headers=${headers}</arg>
<arg>expected_status=201</arg>
<doc>Sends a POST request.</doc>
<msg timestamp="20221127 16:16:39.600" level="INFO">POST Request : url=http://localhost:3333/students 
 path_url=/students 
 headers={'User-Agent': 'python-requests/2.28.1', 'Accept-Encoding': 'gzip, deflate', 'Accept': '*/*', 'Connection': 'keep-alive', 'Authorization': 'Bearer eyJhbGciOiJIUzI1NiIsInR5cCI6IkpXVCJ9.eyJpZCI6MSwiaWF0IjoxNjY5NTc2NTk5LCJleHAiOjE2NzAxODEzOTl9.xvIj9QtNFeT6PpIBRSKf_zBByA2J5-r6PbVBN9pdGd4', 'Content-Length': '99', 'Content-Type': 'application/json'} 
 body=b'{"feet_tall": 1.6, "weight": 50, "age": 20, "email": "suelen@yahoo.com", "name": "Suelen Cristina"}' 
 </msg>
<msg timestamp="20221127 16:16:39.601" level="INFO">POST Response : url=http://localhost:3333/students 
 status=201, reason=Created 
 headers={'X-DNS-Prefetch-Control': 'off', 'X-Frame-Options': 'SAMEORIGIN', 'Strict-Transport-Security': 'max-age=15552000; includeSubDomains', 'X-Download-Options': 'noopen', 'X-Content-Type-Options': 'nosniff', 'X-XSS-Protection': '1; mode=block', 'Access-Control-Allow-Origin': 'http://localhost:3000', 'Vary': 'Origin', 'Content-Type': 'application/json; charset=utf-8', 'Content-Length': '200', 'ETag': 'W/"c8-MPty+J3Y7FMLozPzQgqlvy/feJc"', 'Date': 'Sun, 27 Nov 2022 19:16:39 GMT', 'Connection': 'keep-alive', 'Keep-Alive': 'timeout=5'} 
 body={"id":8,"feet_tall":"1.60","weight":"50.00","age":20,"email":"suelen@yahoo.com","name":"Suelen Cristina","updatedAt":"2022-11-27T19:16:39.529Z","createdAt":"2022-11-27T19:16:39.529Z","avatar_id":null} 
 </msg>
<msg timestamp="20221127 16:16:39.602" level="INFO">${response} = &lt;Response [201]&gt;</msg>
<status status="PASS" starttime="20221127 16:16:39.519" endtime="20221127 16:16:39.602"/>
</kw>
<status status="PASS" starttime="20221127 16:16:39.513" endtime="20221127 16:16:39.603"/>
</kw>
<status status="PASS" starttime="20221127 16:16:38.561" endtime="20221127 16:16:39.607"/>
</test>
<doc>Admin can enroll new students</doc>
<status status="PASS" starttime="20221127 16:16:37.889" endtime="20221127 16:16:39.611"/>
</suite>
<status status="PASS" starttime="20221127 16:16:37.885" endtime="20221127 16:16:39.618"/>
</suite>
<status status="PASS" starttime="20221127 16:16:37.861" endtime="20221127 16:16:39.621"/>
</suite>
<statistics>
<total>
<stat pass="1" fail="0" skip="0">All Tests</stat>
</total>
<tag>
</tag>
<suite>
<stat pass="1" fail="0" skip="0" id="s1" name="Robocamp-2022">Robocamp-2022</stat>
<stat pass="1" fail="0" skip="0" id="s1-s1" name="Tests">Robocamp-2022.Tests</stat>
<stat pass="1" fail="0" skip="0" id="s1-s1-s1" name="Enrolls">Robocamp-2022.Tests.Enrolls</stat>
</suite>
</statistics>
<errors>
</errors>
</robot>
